<?xml version="1.0" encoding="UTF-8"?>
<testsuite xmlns:xsi="http://www.w3.org/2001/XMLSchema-instance" xsi:noNamespaceSchemaLocation="https://maven.apache.org/surefire/maven-surefire-plugin/xsd/surefire-test-report.xsd" name="UpdateUserDataTest" time="14.975" tests="9" errors="0" skipped="0" failures="0">
  <properties>
[...]
</properties>
  <testcase name="сhangeAuthorizedUserData" classname="UpdateUserDataTest" time="1.758"/>
  <testcase name="сhangeAuthorizedUserName" classname="UpdateUserDataTest" time="1.632"/>
  <testcase name="сhangeUnauthorizedUserData" classname="UpdateUserDataTest" time="1.537"/>
  <testcase name="сhangeUnauthorizedUserName" classname="UpdateUserDataTest" time="1.433"/>
  <testcase name="сhangeAuthorizedUserEmail" classname="UpdateUserDataTest" time="1.529"/>
  <testcase name="сhangeUnauthorizedUserPassword" classname="UpdateUserDataTest" time="1.464"/>
  <testcase name="сhangeAuthorizedUserPassword" classname="UpdateUserDataTest" time="1.909"/>
  <testcase name="сhangeEmailOnAlreadyExist" classname="UpdateUserDataTest" time="2.163"/>
  <testcase name="сhangeUnauthorizedUserEmail" classname="UpdateUserDataTest" time="1.518"/>
</testsuite>